<?xml version="1.0" encoding="UTF-8"?>
<testng-results skipped="0" failed="0" ignored="0" total="6" passed="6">
  <reporter-output>
  </reporter-output>
  <suite name="TestNG Revisit" duration-ms="106" started-at="2020-07-26T22:40:57 IST" finished-at="2020-07-26T22:40:57 IST">
    <groups>
      <group name="A">
        <method signature="TestNGBasics2.TestCase1()[pri:1, instance:com.home.TestNGBasics2@3bfdc050]" name="TestCase1" class="com.home.TestNGBasics2"/>
        <method signature="TestNGBasics2.TestCase3()[pri:3, instance:com.home.TestNGBasics2@3bfdc050]" name="TestCase3" class="com.home.TestNGBasics2"/>
      </group> <!-- A -->
      <group name="B">
        <method signature="TestNGBasics2.TestCase02()[pri:2, instance:com.home.TestNGBasics2@3bfdc050]" name="TestCase02" class="com.home.TestNGBasics2"/>
        <method signature="TestNGBasics2.TestCase4()[pri:4, instance:com.home.TestNGBasics2@3bfdc050]" name="TestCase4" class="com.home.TestNGBasics2"/>
      </group> <!-- B -->
    </groups>
    <test name="Test NG Tests" duration-ms="106" started-at="2020-07-26T22:40:57 IST" finished-at="2020-07-26T22:40:57 IST">
      <class name="com.home.TestNGBasics3">
        <test-method status="PASS" signature="Login(java.lang.String, java.lang.String)[pri:1, instance:com.home.TestNGBasics3@1bce4f0a]" name="Login" duration-ms="4" started-at="2020-07-26T22:40:57 IST" finished-at="2020-07-26T22:40:57 IST">
          <params>
            <param index="0">
              <value>
                <![CDATA[testparam1]]>
              </value>
            </param>
            <param index="1">
              <value>
                <![CDATA[testparam2]]>
              </value>
            </param>
          </params>
          <reporter-output>
          </reporter-output>
        </test-method> <!-- Login -->
        <test-method status="PASS" signature="CheckHomePage()[pri:2, instance:com.home.TestNGBasics3@1bce4f0a]" name="CheckHomePage" duration-ms="0" started-at="2020-07-26T22:40:57 IST" depends-on-methods="com.home.TestNGBasics3.Login" finished-at="2020-07-26T22:40:57 IST">
          <reporter-output>
          </reporter-output>
        </test-method> <!-- CheckHomePage -->
      </class> <!-- com.home.TestNGBasics3 -->
      <class name="com.home.TestNGBasics2">
        <test-method status="PASS" signature="TestCase1()[pri:1, instance:com.home.TestNGBasics2@3bfdc050]" name="TestCase1" duration-ms="7" started-at="2020-07-26T22:40:57 IST" finished-at="2020-07-26T22:40:57 IST">
          <reporter-output>
          </reporter-output>
        </test-method> <!-- TestCase1 -->
        <test-method status="PASS" signature="TestCase02()[pri:2, instance:com.home.TestNGBasics2@3bfdc050]" name="TestCase02" duration-ms="0" started-at="2020-07-26T22:40:57 IST" finished-at="2020-07-26T22:40:57 IST">
          <reporter-output>
          </reporter-output>
        </test-method> <!-- TestCase02 -->
        <test-method status="PASS" signature="TestCase3()[pri:3, instance:com.home.TestNGBasics2@3bfdc050]" name="TestCase3" duration-ms="1" started-at="2020-07-26T22:40:57 IST" finished-at="2020-07-26T22:40:57 IST">
          <reporter-output>
          </reporter-output>
        </test-method> <!-- TestCase3 -->
        <test-method status="PASS" signature="TestCase4()[pri:4, instance:com.home.TestNGBasics2@3bfdc050]" name="TestCase4" duration-ms="1" started-at="2020-07-26T22:40:57 IST" finished-at="2020-07-26T22:40:57 IST">
          <reporter-output>
          </reporter-output>
        </test-method> <!-- TestCase4 -->
      </class> <!-- com.home.TestNGBasics2 -->
    </test> <!-- Test NG Tests -->
  </suite> <!-- TestNG Revisit -->
</testng-results>
