<?xml version="1.0" encoding="UTF-8"?>
<testsuite xmlns:xsi="http://www.w3.org/2001/XMLSchema-instance" xsi:noNamespaceSchemaLocation="https://maven.apache.org/surefire/maven-surefire-plugin/xsd/surefire-test-report-3.0.xsd" version="3.0" name="TestSuite" time="0.909" tests="6" errors="0" skipped="0" failures="0">
  <properties>
[...]
</properties>
  <testcase name="TestCase1" classname="com.home.TestNGBasics2" time="0.01">
    <system-out><![CDATA[Executing test case no 1
]]></system-out>
  </testcase>
  <testcase name="TestCase02" classname="com.home.TestNGBasics2" time="0.001">
    <system-out><![CDATA[Executing test case no 2
]]></system-out>
  </testcase>
  <testcase name="TestCase3" classname="com.home.TestNGBasics2" time="0.002">
    <system-out><![CDATA[Executing test case no 3
]]></system-out>
  </testcase>
  <testcase name="TestCase4" classname="com.home.TestNGBasics2" time="0.003">
    <system-out><![CDATA[Executing test case no 4
]]></system-out>
  </testcase>
  <testcase name="Login[testparam1, testparam2](1)" classname="com.home.TestNGBasics3" time="0.007">
    <system-out><![CDATA[Logging into Application with testparam1 testparam2
]]></system-out>
  </testcase>
  <testcase name="CheckHomePage" classname="com.home.TestNGBasics3" time="0.002">
    <system-out><![CDATA[Verifying Home Page
]]></system-out>
  </testcase>
</testsuite>