<?xml version="1.0" encoding="UTF-8"?>
<!-- Generated by org.testng.reporters.JUnitXMLReporter -->
<testsuite hostname="DESKTOP-73PJK31" ignored="0" name="Default test" tests="3" failures="0" timestamp="2020-07-07T22:29:01 IST" time="0.154" errors="0">
  <testcase name="firstTest" time="0.03" classname="com.home.testNg"/>
  <testcase name="SecondTest" time="0.003" classname="com.home.testNg"/>
  <testcase name="ThirdTest" time="0.004" classname="com.home.testNg"/>
</testsuite> <!-- Default test -->
