<?xml version="1.0" encoding="UTF-8"?>
<!-- Generated by org.testng.reporters.JUnitXMLReporter -->
<testsuite hostname="DESKTOP-73PJK31" ignored="0" name="Command line test" tests="19" failures="0" timestamp="2020-07-26T22:24:05 IST" time="0.124" errors="0">
  <testcase name="TestNo1" time="0.002" classname="com.home.TestNGBasics"/>
  <testcase name="TestNo2" time="0.0" classname="com.home.TestNGBasics"/>
  <testcase name="TestCase1" time="0.0" classname="com.home.TestNGBasics2"/>
  <testcase name="TestCase02" time="0.0" classname="com.home.TestNGBasics2"/>
  <testcase name="TestCase3" time="0.0" classname="com.home.TestNGBasics2"/>
  <testcase name="TestCase4" time="0.0" classname="com.home.TestNGBasics2"/>
  <testcase name="Login" time="0.003" classname="com.home.TestNGBasics3"/>
  <testcase name="CheckHomePage" time="0.0" classname="com.home.TestNGBasics3"/>
  <testcase name="TestA" time="0.001" classname="com.home.TestNGBasics4"/>
  <testcase name="TestA" time="0.002" classname="com.home.TestNGBasics4"/>
  <testcase name="TestA" time="0.001" classname="com.home.TestNGBasics4"/>
  <testcase name="TestA" time="0.001" classname="com.home.TestNGBasics4"/>
  <testcase name="TestA" time="0.001" classname="com.home.TestNGBasics4"/>
  <testcase name="TestA" time="0.001" classname="com.home.TestNGBasics4"/>
  <testcase name="TestA" time="0.0" classname="com.home.TestNGBasics4"/>
  <testcase name="TestA" time="0.0" classname="com.home.TestNGBasics4"/>
  <testcase name="TestA" time="0.001" classname="com.home.TestNGBasics4"/>
  <testcase name="TestA" time="0.003" classname="com.home.TestNGBasics4"/>
  <testcase name="ExceptionTest" time="0.001" classname="com.home.TestNGBasics5"/>
</testsuite> <!-- Command line test -->
