<?xml version="1.0" encoding="UTF-8"?>
<testsuite xmlns:xsi="http://www.w3.org/2001/XMLSchema-instance" xsi:noNamespaceSchemaLocation="https://maven.apache.org/surefire/maven-surefire-plugin/xsd/surefire-test-report.xsd" name="com.home.bdd.stepDefinition.CucumberTest" time="1.44" tests="1" errors="0" skipped="1" failures="0">
  <properties>
[...]
</properties>
  <testcase name="Login to Application with Valid credentials" classname="Login to the Application" time="0">
    <skipped message="The step &quot;enters &quot;username&quot; and &quot;password&quot;&quot; is undefined. You can implement it using the snippet(s) below:&#10;&#10;@Given(&quot;enters {string} and {string}&quot;)&#10;public void enters_and(String string, String string2) {&#10;    // Write code here that turns the phrase above into concrete actions&#10;    throw new io.cucumber.java.PendingException();&#10;}&#10;"/>
    <system-out><![CDATA[
Scenario: Login to Application with Valid credentials # src/test/resources/com/home/bdd/Features/Login.feature:3
Application has been launched
  Given user launches the application                 # com.home.bdd.stepDefinition.ApplicationStepDef.user_launches_the_application()
  And enters "username" and "password"                # null
]]></system-out>
    <system-err><![CDATA[Jul 04, 2020 11:51:21 AM io.cucumber.junit.Cucumber <init>
WARNING: By default Cucumber is running in --non-strict mode.
This default will change to --strict and --non-strict will be removed.
You can use --strict or @CucumberOptions(strict = true) to suppress this warning
]]></system-err>
  </testcase>
</testsuite>