<?xml version="1.0" encoding="UTF-8"?>
<testng-results skipped="0" failed="0" ignored="0" total="3" passed="3">
  <reporter-output>
  </reporter-output>
  <suite name="Default suite" duration-ms="154" started-at="2020-07-07T22:29:00 IST" finished-at="2020-07-07T22:29:00 IST">
    <groups>
    </groups>
    <test name="Default test" duration-ms="154" started-at="2020-07-07T22:29:00 IST" finished-at="2020-07-07T22:29:00 IST">
      <class name="com.home.testNg">
        <test-method status="PASS" signature="firstTest()[pri:1, instance:com.home.testNg@a67c67e]" name="firstTest" duration-ms="30" started-at="2020-07-07T22:29:00 IST" finished-at="2020-07-07T22:29:00 IST">
          <reporter-output>
          </reporter-output>
        </test-method> <!-- firstTest -->
        <test-method status="PASS" signature="SecondTest(org.testng.ITestContext)[pri:2, instance:com.home.testNg@a67c67e]" name="SecondTest" duration-ms="3" started-at="2020-07-07T22:29:00 IST" depends-on-methods="com.home.testNg.firstTest" finished-at="2020-07-07T22:29:00 IST">
          <params>
            <param index="0">
              <value>
                <![CDATA[org.testng.TestRunner@612fc6eb]]>
              </value>
            </param>
          </params>
          <reporter-output>
          </reporter-output>
        </test-method> <!-- SecondTest -->
        <test-method status="PASS" signature="ThirdTest(org.testng.ITestContext)[pri:3, instance:com.home.testNg@a67c67e]" name="ThirdTest" duration-ms="4" started-at="2020-07-07T22:29:00 IST" finished-at="2020-07-07T22:29:00 IST">
          <params>
            <param index="0">
              <value>
                <![CDATA[org.testng.TestRunner@612fc6eb]]>
              </value>
            </param>
          </params>
          <reporter-output>
          </reporter-output>
        </test-method> <!-- ThirdTest -->
      </class> <!-- com.home.testNg -->
    </test> <!-- Default test -->
  </suite> <!-- Default suite -->
</testng-results>
