<?xml version="1.0" encoding="UTF-8"?>
<testng-results skipped="0" failed="0" ignored="0" total="6" passed="6">
  <reporter-output>
  </reporter-output>
  <suite name="TestNG Revisit" duration-ms="102" started-at="2020-07-26T22:24:56 IST" finished-at="2020-07-26T22:24:56 IST">
    <groups>
      <group name="A">
        <method signature="TestNGBasics2.TestCase1()[pri:1, instance:com.home.TestNGBasics2@3327bd23]" name="TestCase1" class="com.home.TestNGBasics2"/>
        <method signature="TestNGBasics2.TestCase3()[pri:3, instance:com.home.TestNGBasics2@3327bd23]" name="TestCase3" class="com.home.TestNGBasics2"/>
      </group> <!-- A -->
      <group name="B">
        <method signature="TestNGBasics2.TestCase02()[pri:2, instance:com.home.TestNGBasics2@3327bd23]" name="TestCase02" class="com.home.TestNGBasics2"/>
        <method signature="TestNGBasics2.TestCase4()[pri:4, instance:com.home.TestNGBasics2@3327bd23]" name="TestCase4" class="com.home.TestNGBasics2"/>
      </group> <!-- B -->
    </groups>
    <test name="Test NG Tests" duration-ms="102" started-at="2020-07-26T22:24:56 IST" finished-at="2020-07-26T22:24:56 IST">
      <class name="com.home.TestNGBasics3">
        <test-method status="PASS" signature="Login()[pri:1, instance:com.home.TestNGBasics3@4e1d422d]" name="Login" duration-ms="5" started-at="2020-07-26T22:24:56 IST" finished-at="2020-07-26T22:24:56 IST">
          <reporter-output>
          </reporter-output>
        </test-method> <!-- Login -->
        <test-method status="PASS" signature="CheckHomePage()[pri:2, instance:com.home.TestNGBasics3@4e1d422d]" name="CheckHomePage" duration-ms="2" started-at="2020-07-26T22:24:56 IST" depends-on-methods="com.home.TestNGBasics3.Login" finished-at="2020-07-26T22:24:56 IST">
          <reporter-output>
          </reporter-output>
        </test-method> <!-- CheckHomePage -->
      </class> <!-- com.home.TestNGBasics3 -->
      <class name="com.home.TestNGBasics2">
        <test-method status="PASS" signature="TestCase1()[pri:1, instance:com.home.TestNGBasics2@3327bd23]" name="TestCase1" duration-ms="13" started-at="2020-07-26T22:24:56 IST" finished-at="2020-07-26T22:24:56 IST">
          <reporter-output>
          </reporter-output>
        </test-method> <!-- TestCase1 -->
        <test-method status="PASS" signature="TestCase02()[pri:2, instance:com.home.TestNGBasics2@3327bd23]" name="TestCase02" duration-ms="3" started-at="2020-07-26T22:24:56 IST" finished-at="2020-07-26T22:24:56 IST">
          <reporter-output>
          </reporter-output>
        </test-method> <!-- TestCase02 -->
        <test-method status="PASS" signature="TestCase3()[pri:3, instance:com.home.TestNGBasics2@3327bd23]" name="TestCase3" duration-ms="3" started-at="2020-07-26T22:24:56 IST" finished-at="2020-07-26T22:24:56 IST">
          <reporter-output>
          </reporter-output>
        </test-method> <!-- TestCase3 -->
        <test-method status="PASS" signature="TestCase4()[pri:4, instance:com.home.TestNGBasics2@3327bd23]" name="TestCase4" duration-ms="3" started-at="2020-07-26T22:24:56 IST" finished-at="2020-07-26T22:24:56 IST">
          <reporter-output>
          </reporter-output>
        </test-method> <!-- TestCase4 -->
      </class> <!-- com.home.TestNGBasics2 -->
    </test> <!-- Test NG Tests -->
  </suite> <!-- TestNG Revisit -->
</testng-results>
