<?xml version="1.0" encoding="UTF-8"?>
<!-- Generated by org.testng.reporters.JUnitXMLReporter -->
<testsuite hostname="DESKTOP-73PJK31" ignored="0" name="Test NG Tests" tests="6" failures="0" timestamp="2020-07-26T22:40:57 IST" time="0.106" errors="0">
  <testcase name="TestCase1" time="0.007" classname="com.home.TestNGBasics2"/>
  <testcase name="TestCase02" time="0.0" classname="com.home.TestNGBasics2"/>
  <testcase name="TestCase3" time="0.001" classname="com.home.TestNGBasics2"/>
  <testcase name="TestCase4" time="0.001" classname="com.home.TestNGBasics2"/>
  <testcase name="Login" time="0.004" classname="com.home.TestNGBasics3"/>
  <testcase name="CheckHomePage" time="0.0" classname="com.home.TestNGBasics3"/>
</testsuite> <!-- Test NG Tests -->
